<?xml version="1.0" encoding="UTF-8"?>
<testng-results ignored="0" total="3" passed="2" failed="1" skipped="0">
  <reporter-output>
  </reporter-output>
  <suite started-at="2024-02-18T21:09:26 NPT" name="Surefire suite" finished-at="2024-02-18T21:09:42 NPT" duration-ms="16519">
    <groups>
    </groups>
    <test started-at="2024-02-18T21:09:26 NPT" name="Surefire test" finished-at="2024-02-18T21:09:42 NPT" duration-ms="16519">
      <class name="RealWorldApp.SeleniumRWA.tests.LoginTest">
        <test-method is-config="true" signature="launchBrowser()[pri:0, instance:RealWorldApp.SeleniumRWA.tests.LoginTest@525f1e4e]" started-at="2024-02-18T21:09:26 NPT" name="launchBrowser" finished-at="2024-02-18T21:09:29 NPT" duration-ms="2974" status="PASS">
          <reporter-output>
          </reporter-output>
        </test-method> <!-- launchBrowser -->
        <test-method signature="login(java.util.HashMap)[pri:1, instance:RealWorldApp.SeleniumRWA.tests.LoginTest@525f1e4e]" started-at="2024-02-18T21:09:29 NPT" name="login" data-provider="loginDataFromJSON" finished-at="2024-02-18T21:09:39 NPT" duration-ms="10307" status="PASS">
          <params>
            <param index="0">
              <value>
                <![CDATA[{password=, message=, validation=empty, username=}]]>
              </value>
            </param>
          </params>
          <reporter-output>
          </reporter-output>
        </test-method> <!-- login -->
        <test-method is-config="true" signature="teardown()[pri:0, instance:RealWorldApp.SeleniumRWA.tests.LoginTest@525f1e4e]" started-at="2024-02-18T21:09:39 NPT" name="teardown" finished-at="2024-02-18T21:09:39 NPT" duration-ms="193" status="PASS">
          <reporter-output>
          </reporter-output>
        </test-method> <!-- teardown -->
        <test-method is-config="true" signature="launchBrowser()[pri:0, instance:RealWorldApp.SeleniumRWA.tests.LoginTest@525f1e4e]" started-at="2024-02-18T21:09:39 NPT" name="launchBrowser" finished-at="2024-02-18T21:09:41 NPT" duration-ms="1115" status="PASS">
          <reporter-output>
          </reporter-output>
        </test-method> <!-- launchBrowser -->
        <test-method signature="login(java.util.HashMap)[pri:1, instance:RealWorldApp.SeleniumRWA.tests.LoginTest@525f1e4e]" started-at="2024-02-18T21:09:41 NPT" name="login" data-provider="loginDataFromJSON" finished-at="2024-02-18T21:09:41 NPT" duration-ms="351" status="PASS">
          <params>
            <param index="0">
              <value>
                <![CDATA[{password=invalid, message=Username or password is invalid, validation=failure, username=invalid@email.com}]]>
              </value>
            </param>
          </params>
          <reporter-output>
          </reporter-output>
        </test-method> <!-- login -->
        <test-method is-config="true" signature="teardown()[pri:0, instance:RealWorldApp.SeleniumRWA.tests.LoginTest@525f1e4e]" started-at="2024-02-18T21:09:41 NPT" name="teardown" finished-at="2024-02-18T21:09:41 NPT" duration-ms="139" status="PASS">
          <reporter-output>
          </reporter-output>
        </test-method> <!-- teardown -->
        <test-method is-config="true" signature="launchBrowser()[pri:0, instance:RealWorldApp.SeleniumRWA.tests.LoginTest@525f1e4e]" started-at="2024-02-18T21:09:41 NPT" name="launchBrowser" finished-at="2024-02-18T21:09:42 NPT" duration-ms="953" status="PASS">
          <reporter-output>
          </reporter-output>
        </test-method> <!-- launchBrowser -->
        <test-method signature="login(java.util.HashMap)[pri:1, instance:RealWorldApp.SeleniumRWA.tests.LoginTest@525f1e4e]" started-at="2024-02-18T21:09:42 NPT" name="login" data-provider="loginDataFromJSON" finished-at="2024-02-18T21:09:42 NPT" duration-ms="178" status="FAIL">
          <params>
            <param index="0">
              <value>
                <![CDATA[{password=s3cret, message=, validation=success, username=Jessyca.Kuhic}]]>
              </value>
            </param>
          </params>
          <exception class="java.lang.AssertionError">
            <message>
              <![CDATA[URL BEFORE LOGGED IN AND AFTER LOGGED IN MATCHED did not expect [http://localhost:3000/signin] but found [http://localhost:3000/signin]]]>
            </message>
            <full-stacktrace>
              <![CDATA[java.lang.AssertionError: URL BEFORE LOGGED IN AND AFTER LOGGED IN MATCHED did not expect [http://localhost:3000/signin] but found [http://localhost:3000/signin]
at org.testng.Assert.fail(Assert.java:111)
at org.testng.Assert.failEquals(Assert.java:1582)
at org.testng.Assert.assertNotEqualsImpl(Assert.java:157)
at org.testng.Assert.assertNotEquals(Assert.java:2198)
at RealWorldApp.SeleniumRWA.tests.LoginTest.login(LoginTest.java:33)
at java.base/jdk.internal.reflect.DirectMethodHandleAccessor.invoke(DirectMethodHandleAccessor.java:103)
at java.base/java.lang.reflect.Method.invoke(Method.java:580)
at org.testng.internal.invokers.MethodInvocationHelper.invokeMethod(MethodInvocationHelper.java:139)
at org.testng.internal.invokers.TestInvoker.invokeMethod(TestInvoker.java:664)
at org.testng.internal.invokers.TestInvoker.invokeTestMethod(TestInvoker.java:227)
at org.testng.internal.invokers.MethodRunner.runInSequence(MethodRunner.java:50)
at org.testng.internal.invokers.TestInvoker$MethodInvocationAgent.invoke(TestInvoker.java:957)
at org.testng.internal.invokers.TestInvoker.invokeTestMethods(TestInvoker.java:200)
at org.testng.internal.invokers.TestMethodWorker.invokeTestMethods(TestMethodWorker.java:148)
at org.testng.internal.invokers.TestMethodWorker.run(TestMethodWorker.java:128)
at java.base/java.util.ArrayList.forEach(ArrayList.java:1596)
at org.testng.TestRunner.privateRun(TestRunner.java:848)
at org.testng.TestRunner.run(TestRunner.java:621)
at org.testng.SuiteRunner.runTest(SuiteRunner.java:443)
at org.testng.SuiteRunner.runSequentially(SuiteRunner.java:437)
at org.testng.SuiteRunner.privateRun(SuiteRunner.java:397)
at org.testng.SuiteRunner.run(SuiteRunner.java:336)
at org.testng.SuiteRunnerWorker.runSuite(SuiteRunnerWorker.java:52)
at org.testng.SuiteRunnerWorker.run(SuiteRunnerWorker.java:95)
at org.testng.TestNG.runSuitesSequentially(TestNG.java:1280)
at org.testng.TestNG.runSuitesLocally(TestNG.java:1200)
at org.testng.TestNG.runSuites(TestNG.java:1114)
at org.testng.TestNG.run(TestNG.java:1082)
at org.apache.maven.surefire.testng.TestNGExecutor.run(TestNGExecutor.java:155)
at org.apache.maven.surefire.testng.TestNGDirectoryTestSuite.executeMulti(TestNGDirectoryTestSuite.java:169)
at org.apache.maven.surefire.testng.TestNGDirectoryTestSuite.execute(TestNGDirectoryTestSuite.java:88)
at org.apache.maven.surefire.testng.TestNGProvider.invoke(TestNGProvider.java:137)
at org.apache.maven.surefire.booter.ForkedBooter.runSuitesInProcess(ForkedBooter.java:385)
at org.apache.maven.surefire.booter.ForkedBooter.execute(ForkedBooter.java:162)
at org.apache.maven.surefire.booter.ForkedBooter.run(ForkedBooter.java:507)
at org.apache.maven.surefire.booter.ForkedBooter.main(ForkedBooter.java:495)
]]>
            </full-stacktrace>
          </exception> <!-- java.lang.AssertionError -->
          <reporter-output>
          </reporter-output>
        </test-method> <!-- login -->
        <test-method is-config="true" signature="teardown()[pri:0, instance:RealWorldApp.SeleniumRWA.tests.LoginTest@525f1e4e]" started-at="2024-02-18T21:09:42 NPT" name="teardown" finished-at="2024-02-18T21:09:42 NPT" duration-ms="178" status="PASS">
          <reporter-output>
          </reporter-output>
        </test-method> <!-- teardown -->
      </class> <!-- RealWorldApp.SeleniumRWA.tests.LoginTest -->
    </test> <!-- Surefire test -->
  </suite> <!-- Surefire suite -->
</testng-results>
